*
* Visual Studio Code Server
*
* By using the software, you agree to
* the Visual Studio Code Server License Terms (https://aka.ms/vscode-server-license) and
* the Microsoft Privacy Statement (https://privacy.microsoft.com/en-US/privacystatement).
*
Server bound to 127.0.0.1:38675 (IPv4)
Extension host agent listening on 38675

[18:44:14] 




[18:44:14] Extension host agent started.
[18:44:15] [127.0.0.1][9460a10b][ManagementConnection] New connection established.
[18:44:15] [127.0.0.1][a3fc1a5f][ExtensionHostConnection] New connection established.
[18:44:15] [127.0.0.1][a3fc1a5f][ExtensionHostConnection] <3245> Launched Extension Host Process.
[IPC Library: Pty Host]  WARN Shell integration cannot be enabled for executable "/bin/sh" and args [
  '-c',
  'wget --version > /dev/null\n' +
    'if [ $? -eq 0 ]\n' +
    'then\n' +
    "\twget --connect-timeout=7 --tries=1 --dns-timeout=7 -q --header='Metadata:true' -O - http://169.254.169.254/metadata/instance?api-version=2019-03-11\n" +
    'else\n' +
    '\tcurl --version > /dev/null\n' +
    '\tif [ $? -eq 0 ]\n' +
    '\tthen\n' +
    "\t\tcurl --connect-timeout 7 -s --header='Metadata:true' http://169.254.169.254/metadata/instance?api-version=2019-03-11\n" +
    '\tfi\n' +
    'fi\n' +
    'exit 0'
]
[IPC Library: Pty Host]  WARN Shell integration cannot be enabled for executable "/bin/sh" and args [
  '-c',
  'wget --version > /dev/null\n' +
    'if [ $? -eq 0 ]\n' +
    'then\n' +
    '\twget --connect-timeout=7 --tries=1 --dns-timeout=7 -q  -O - http://169.254.169.254/latest/meta-data/instance-id\n' +
    'else\n' +
    '\tcurl --version > /dev/null\n' +
    '\tif [ $? -eq 0 ]\n' +
    '\tthen\n' +
    '\t\tcurl --connect-timeout 7 -s  http://169.254.169.254/latest/meta-data/instance-id\n' +
    '\tfi\n' +
    'fi\n' +
    'exit 0'
]
[IPC Library: Pty Host]  WARN Shell integration cannot be enabled for executable "/bin/sh" and args [
  '-c',
  'wget --version > /dev/null\n' +
    'if [ $? -eq 0 ]\n' +
    'then\n' +
    '\twget --connect-timeout=7 --tries=1 --dns-timeout=7 -q  -O - http://169.254.169.254/metadata/v1/id\n' +
    'else\n' +
    '\tcurl --version > /dev/null\n' +
    '\tif [ $? -eq 0 ]\n' +
    '\tthen\n' +
    '\t\tcurl --connect-timeout 7 -s  http://169.254.169.254/metadata/v1/id\n' +
    '\tfi\n' +
    'fi\n' +
    'exit 0'
]
[IPC Library: Pty Host]  WARN Shell integration cannot be enabled for executable "/bin/sh" and args [
  '-c',
  'wget --version > /dev/null\n' +
    'if [ $? -eq 0 ]\n' +
    'then\n' +
    "\twget --connect-timeout=7 --tries=1 --dns-timeout=7 -q --header='Metadata-Flavor:Google' -O - http://metadata.google.internal/computeMetadata/v1/instance/id\n" +
    'else\n' +
    '\tcurl --version > /dev/null\n' +
    '\tif [ $? -eq 0 ]\n' +
    '\tthen\n' +
    "\t\tcurl --connect-timeout 7 -s --header='Metadata-Flavor:Google' http://metadata.google.internal/computeMetadata/v1/instance/id\n" +
    '\tfi\n' +
    'fi\n' +
    'exit 0'
]
New EH opened, aborting shutdown
[18:49:14] New EH opened, aborting shutdown
[19:03:20] [127.0.0.1][9460a10b][ManagementConnection] The client has disconnected gracefully, so the connection will be disposed.
[19:03:20] [127.0.0.1][a3fc1a5f][ExtensionHostConnection] <3245> Extension Host Process exited with code: 0, signal: null.
Last EH closed, waiting before shutting down
[19:03:20] Last EH closed, waiting before shutting down
Got delay-shutdown request while in shutdown timeout, delaying
[19:03:24] Got delay-shutdown request while in shutdown timeout, delaying
Cancelling previous shutdown timeout
[19:03:24] Cancelling previous shutdown timeout
[19:03:24] [127.0.0.1][1d6a91e1][ManagementConnection] New connection established.
[19:03:24] [127.0.0.1][4856dd80][ExtensionHostConnection] New connection established.
[19:03:24] [127.0.0.1][4856dd80][ExtensionHostConnection] <3660> Launched Extension Host Process.
[IPC Library: Pty Host]  WARN Shell integration cannot be enabled for executable "/bin/sh" and args [
  '-c',
  'wget --version > /dev/null\n' +
    'if [ $? -eq 0 ]\n' +
    'then\n' +
    "\twget --connect-timeout=7 --tries=1 --dns-timeout=7 -q --header='Metadata:true' -O - http://169.254.169.254/metadata/instance?api-version=2019-03-11\n" +
    'else\n' +
    '\tcurl --version > /dev/null\n' +
    '\tif [ $? -eq 0 ]\n' +
    '\tthen\n' +
    "\t\tcurl --connect-timeout 7 -s --header='Metadata:true' http://169.254.169.254/metadata/instance?api-version=2019-03-11\n" +
    '\tfi\n' +
    'fi\n' +
    'exit 0'
]
[IPC Library: Pty Host]  WARN Shell integration cannot be enabled for executable "/bin/sh" and args [
  '-c',
  'wget --version > /dev/null\n' +
    'if [ $? -eq 0 ]\n' +
    'then\n' +
    '\twget --connect-timeout=7 --tries=1 --dns-timeout=7 -q  -O - http://169.254.169.254/latest/meta-data/instance-id\n' +
    'else\n' +
    '\tcurl --version > /dev/null\n' +
    '\tif [ $? -eq 0 ]\n' +
    '\tthen\n' +
    '\t\tcurl --connect-timeout 7 -s  http://169.254.169.254/latest/meta-data/instance-id\n' +
    '\tfi\n' +
    'fi\n' +
    'exit 0'
]
[IPC Library: Pty Host]  WARN Shell integration cannot be enabled for executable "/bin/sh" and args [
  '-c',
  'wget --version > /dev/null\n' +
    'if [ $? -eq 0 ]\n' +
    'then\n' +
    '\twget --connect-timeout=7 --tries=1 --dns-timeout=7 -q  -O - http://169.254.169.254/metadata/v1/id\n' +
    'else\n' +
    '\tcurl --version > /dev/null\n' +
    '\tif [ $? -eq 0 ]\n' +
    '\tthen\n' +
    '\t\tcurl --connect-timeout 7 -s  http://169.254.169.254/metadata/v1/id\n' +
    '\tfi\n' +
    'fi\n' +
    'exit 0'
]
[IPC Library: Pty Host]  WARN Shell integration cannot be enabled for executable "/bin/sh" and args [
  '-c',
  'wget --version > /dev/null\n' +
    'if [ $? -eq 0 ]\n' +
    'then\n' +
    "\twget --connect-timeout=7 --tries=1 --dns-timeout=7 -q --header='Metadata-Flavor:Google' -O - http://metadata.google.internal/computeMetadata/v1/instance/id\n" +
    'else\n' +
    '\tcurl --version > /dev/null\n' +
    '\tif [ $? -eq 0 ]\n' +
    '\tthen\n' +
    "\t\tcurl --connect-timeout 7 -s --header='Metadata-Flavor:Google' http://metadata.google.internal/computeMetadata/v1/instance/id\n" +
    '\tfi\n' +
    'fi\n' +
    'exit 0'
]
rejected promise not handled within 1 second: CodeExpectedError: Could not find pty on pty host
stack trace: CodeExpectedError: Could not find pty on pty host
    at E.L (/home/ec2-user/.vscode-server/bin/b3e4e68a0bc097f0ae7907b217c1119af9e03435/out/vs/platform/terminal/node/ptyHostMain.js:28:6871)
    at E.updateTitle (/home/ec2-user/.vscode-server/bin/b3e4e68a0bc097f0ae7907b217c1119af9e03435/out/vs/platform/terminal/node/ptyHostMain.js:28:2652)
    at Object.call (/home/ec2-user/.vscode-server/bin/b3e4e68a0bc097f0ae7907b217c1119af9e03435/out/vs/platform/terminal/node/ptyHostMain.js:17:5093)
    at h.s (/home/ec2-user/.vscode-server/bin/b3e4e68a0bc097f0ae7907b217c1119af9e03435/out/vs/platform/terminal/node/ptyHostMain.js:15:5445)
    at h.q (/home/ec2-user/.vscode-server/bin/b3e4e68a0bc097f0ae7907b217c1119af9e03435/out/vs/platform/terminal/node/ptyHostMain.js:15:4936)
    at /home/ec2-user/.vscode-server/bin/b3e4e68a0bc097f0ae7907b217c1119af9e03435/out/vs/platform/terminal/node/ptyHostMain.js:15:4341
    at c.invoke (/home/ec2-user/.vscode-server/bin/b3e4e68a0bc097f0ae7907b217c1119af9e03435/out/vs/platform/terminal/node/ptyHostMain.js:11:145)
    at g.deliver (/home/ec2-user/.vscode-server/bin/b3e4e68a0bc097f0ae7907b217c1119af9e03435/out/vs/platform/terminal/node/ptyHostMain.js:11:2125)
    at t.fire (/home/ec2-user/.vscode-server/bin/b3e4e68a0bc097f0ae7907b217c1119af9e03435/out/vs/platform/terminal/node/ptyHostMain.js:11:1733)
    at process.U (/home/ec2-user/.vscode-server/bin/b3e4e68a0bc097f0ae7907b217c1119af9e03435/out/vs/platform/terminal/node/ptyHostMain.js:9:21145)
    at process.emit (node:events:513:28)
    at emit (node:internal/child_process:939:14)
    at processTicksAndRejections (node:internal/process/task_queues:84:21)
[19:03:26] Error [CodeExpectedError]: Could not find pty on pty host
    at E.L (/home/ec2-user/.vscode-server/bin/b3e4e68a0bc097f0ae7907b217c1119af9e03435/out/vs/platform/terminal/node/ptyHostMain.js:28:6871)
    at E.updateTitle (/home/ec2-user/.vscode-server/bin/b3e4e68a0bc097f0ae7907b217c1119af9e03435/out/vs/platform/terminal/node/ptyHostMain.js:28:2652)
    at Object.call (/home/ec2-user/.vscode-server/bin/b3e4e68a0bc097f0ae7907b217c1119af9e03435/out/vs/platform/terminal/node/ptyHostMain.js:17:5093)
    at h.s (/home/ec2-user/.vscode-server/bin/b3e4e68a0bc097f0ae7907b217c1119af9e03435/out/vs/platform/terminal/node/ptyHostMain.js:15:5445)
    at h.q (/home/ec2-user/.vscode-server/bin/b3e4e68a0bc097f0ae7907b217c1119af9e03435/out/vs/platform/terminal/node/ptyHostMain.js:15:4936)
    at /home/ec2-user/.vscode-server/bin/b3e4e68a0bc097f0ae7907b217c1119af9e03435/out/vs/platform/terminal/node/ptyHostMain.js:15:4341
    at c.invoke (/home/ec2-user/.vscode-server/bin/b3e4e68a0bc097f0ae7907b217c1119af9e03435/out/vs/platform/terminal/node/ptyHostMain.js:11:145)
    at g.deliver (/home/ec2-user/.vscode-server/bin/b3e4e68a0bc097f0ae7907b217c1119af9e03435/out/vs/platform/terminal/node/ptyHostMain.js:11:2125)
    at t.fire (/home/ec2-user/.vscode-server/bin/b3e4e68a0bc097f0ae7907b217c1119af9e03435/out/vs/platform/terminal/node/ptyHostMain.js:11:1733)
    at process.U (/home/ec2-user/.vscode-server/bin/b3e4e68a0bc097f0ae7907b217c1119af9e03435/out/vs/platform/terminal/node/ptyHostMain.js:9:21145)
    at process.emit (node:events:513:28)
    at emit (node:internal/child_process:939:14)
    at processTicksAndRejections (node:internal/process/task_queues:84:21)
New EH opened, aborting shutdown
[19:08:24] New EH opened, aborting shutdown
[20:06:02] [127.0.0.1][1d6a91e1][ManagementConnection] The client has reconnected.
[20:06:02] [127.0.0.1][4856dd80][ExtensionHostConnection] The client has reconnected.
rejected promise not handled within 1 second: CodeExpectedError: Could not find pty on pty host
stack trace: CodeExpectedError: Could not find pty on pty host
    at E.L (/home/ec2-user/.vscode-server/bin/b3e4e68a0bc097f0ae7907b217c1119af9e03435/out/vs/platform/terminal/node/ptyHostMain.js:28:6871)
    at E.updateIcon (/home/ec2-user/.vscode-server/bin/b3e4e68a0bc097f0ae7907b217c1119af9e03435/out/vs/platform/terminal/node/ptyHostMain.js:28:2702)
    at Object.call (/home/ec2-user/.vscode-server/bin/b3e4e68a0bc097f0ae7907b217c1119af9e03435/out/vs/platform/terminal/node/ptyHostMain.js:17:5093)
    at h.s (/home/ec2-user/.vscode-server/bin/b3e4e68a0bc097f0ae7907b217c1119af9e03435/out/vs/platform/terminal/node/ptyHostMain.js:15:5445)
    at h.q (/home/ec2-user/.vscode-server/bin/b3e4e68a0bc097f0ae7907b217c1119af9e03435/out/vs/platform/terminal/node/ptyHostMain.js:15:4936)
    at /home/ec2-user/.vscode-server/bin/b3e4e68a0bc097f0ae7907b217c1119af9e03435/out/vs/platform/terminal/node/ptyHostMain.js:15:4341
    at c.invoke (/home/ec2-user/.vscode-server/bin/b3e4e68a0bc097f0ae7907b217c1119af9e03435/out/vs/platform/terminal/node/ptyHostMain.js:11:145)
    at g.deliver (/home/ec2-user/.vscode-server/bin/b3e4e68a0bc097f0ae7907b217c1119af9e03435/out/vs/platform/terminal/node/ptyHostMain.js:11:2125)
    at t.fire (/home/ec2-user/.vscode-server/bin/b3e4e68a0bc097f0ae7907b217c1119af9e03435/out/vs/platform/terminal/node/ptyHostMain.js:11:1733)
    at process.U (/home/ec2-user/.vscode-server/bin/b3e4e68a0bc097f0ae7907b217c1119af9e03435/out/vs/platform/terminal/node/ptyHostMain.js:9:21145)
    at process.emit (node:events:513:28)
    at emit (node:internal/child_process:939:14)
    at processTicksAndRejections (node:internal/process/task_queues:84:21)
[20:06:03] Error [CodeExpectedError]: Could not find pty on pty host
    at E.L (/home/ec2-user/.vscode-server/bin/b3e4e68a0bc097f0ae7907b217c1119af9e03435/out/vs/platform/terminal/node/ptyHostMain.js:28:6871)
    at E.updateIcon (/home/ec2-user/.vscode-server/bin/b3e4e68a0bc097f0ae7907b217c1119af9e03435/out/vs/platform/terminal/node/ptyHostMain.js:28:2702)
    at Object.call (/home/ec2-user/.vscode-server/bin/b3e4e68a0bc097f0ae7907b217c1119af9e03435/out/vs/platform/terminal/node/ptyHostMain.js:17:5093)
    at h.s (/home/ec2-user/.vscode-server/bin/b3e4e68a0bc097f0ae7907b217c1119af9e03435/out/vs/platform/terminal/node/ptyHostMain.js:15:5445)
    at h.q (/home/ec2-user/.vscode-server/bin/b3e4e68a0bc097f0ae7907b217c1119af9e03435/out/vs/platform/terminal/node/ptyHostMain.js:15:4936)
    at /home/ec2-user/.vscode-server/bin/b3e4e68a0bc097f0ae7907b217c1119af9e03435/out/vs/platform/terminal/node/ptyHostMain.js:15:4341
    at c.invoke (/home/ec2-user/.vscode-server/bin/b3e4e68a0bc097f0ae7907b217c1119af9e03435/out/vs/platform/terminal/node/ptyHostMain.js:11:145)
    at g.deliver (/home/ec2-user/.vscode-server/bin/b3e4e68a0bc097f0ae7907b217c1119af9e03435/out/vs/platform/terminal/node/ptyHostMain.js:11:2125)
    at t.fire (/home/ec2-user/.vscode-server/bin/b3e4e68a0bc097f0ae7907b217c1119af9e03435/out/vs/platform/terminal/node/ptyHostMain.js:11:1733)
    at process.U (/home/ec2-user/.vscode-server/bin/b3e4e68a0bc097f0ae7907b217c1119af9e03435/out/vs/platform/terminal/node/ptyHostMain.js:9:21145)
    at process.emit (node:events:513:28)
    at emit (node:internal/child_process:939:14)
    at processTicksAndRejections (node:internal/process/task_queues:84:21)
rejected promise not handled within 1 second: CodeExpectedError: Could not find pty on pty host
stack trace: CodeExpectedError: Could not find pty on pty host
    at E.L (/home/ec2-user/.vscode-server/bin/b3e4e68a0bc097f0ae7907b217c1119af9e03435/out/vs/platform/terminal/node/ptyHostMain.js:28:6871)
    at E.updateTitle (/home/ec2-user/.vscode-server/bin/b3e4e68a0bc097f0ae7907b217c1119af9e03435/out/vs/platform/terminal/node/ptyHostMain.js:28:2652)
    at Object.call (/home/ec2-user/.vscode-server/bin/b3e4e68a0bc097f0ae7907b217c1119af9e03435/out/vs/platform/terminal/node/ptyHostMain.js:17:5093)
    at h.s (/home/ec2-user/.vscode-server/bin/b3e4e68a0bc097f0ae7907b217c1119af9e03435/out/vs/platform/terminal/node/ptyHostMain.js:15:5445)
    at h.q (/home/ec2-user/.vscode-server/bin/b3e4e68a0bc097f0ae7907b217c1119af9e03435/out/vs/platform/terminal/node/ptyHostMain.js:15:4936)
    at /home/ec2-user/.vscode-server/bin/b3e4e68a0bc097f0ae7907b217c1119af9e03435/out/vs/platform/terminal/node/ptyHostMain.js:15:4341
    at c.invoke (/home/ec2-user/.vscode-server/bin/b3e4e68a0bc097f0ae7907b217c1119af9e03435/out/vs/platform/terminal/node/ptyHostMain.js:11:145)
    at g.deliver (/home/ec2-user/.vscode-server/bin/b3e4e68a0bc097f0ae7907b217c1119af9e03435/out/vs/platform/terminal/node/ptyHostMain.js:11:2125)
    at t.fire (/home/ec2-user/.vscode-server/bin/b3e4e68a0bc097f0ae7907b217c1119af9e03435/out/vs/platform/terminal/node/ptyHostMain.js:11:1733)
    at process.U (/home/ec2-user/.vscode-server/bin/b3e4e68a0bc097f0ae7907b217c1119af9e03435/out/vs/platform/terminal/node/ptyHostMain.js:9:21145)
    at process.emit (node:events:513:28)
    at emit (node:internal/child_process:939:14)
    at processTicksAndRejections (node:internal/process/task_queues:84:21)
[20:06:03] Error [CodeExpectedError]: Could not find pty on pty host
    at E.L (/home/ec2-user/.vscode-server/bin/b3e4e68a0bc097f0ae7907b217c1119af9e03435/out/vs/platform/terminal/node/ptyHostMain.js:28:6871)
    at E.updateTitle (/home/ec2-user/.vscode-server/bin/b3e4e68a0bc097f0ae7907b217c1119af9e03435/out/vs/platform/terminal/node/ptyHostMain.js:28:2652)
    at Object.call (/home/ec2-user/.vscode-server/bin/b3e4e68a0bc097f0ae7907b217c1119af9e03435/out/vs/platform/terminal/node/ptyHostMain.js:17:5093)
    at h.s (/home/ec2-user/.vscode-server/bin/b3e4e68a0bc097f0ae7907b217c1119af9e03435/out/vs/platform/terminal/node/ptyHostMain.js:15:5445)
    at h.q (/home/ec2-user/.vscode-server/bin/b3e4e68a0bc097f0ae7907b217c1119af9e03435/out/vs/platform/terminal/node/ptyHostMain.js:15:4936)
    at /home/ec2-user/.vscode-server/bin/b3e4e68a0bc097f0ae7907b217c1119af9e03435/out/vs/platform/terminal/node/ptyHostMain.js:15:4341
    at c.invoke (/home/ec2-user/.vscode-server/bin/b3e4e68a0bc097f0ae7907b217c1119af9e03435/out/vs/platform/terminal/node/ptyHostMain.js:11:145)
    at g.deliver (/home/ec2-user/.vscode-server/bin/b3e4e68a0bc097f0ae7907b217c1119af9e03435/out/vs/platform/terminal/node/ptyHostMain.js:11:2125)
    at t.fire (/home/ec2-user/.vscode-server/bin/b3e4e68a0bc097f0ae7907b217c1119af9e03435/out/vs/platform/terminal/node/ptyHostMain.js:11:1733)
    at process.U (/home/ec2-user/.vscode-server/bin/b3e4e68a0bc097f0ae7907b217c1119af9e03435/out/vs/platform/terminal/node/ptyHostMain.js:9:21145)
    at process.emit (node:events:513:28)
    at emit (node:internal/child_process:939:14)
    at processTicksAndRejections (node:internal/process/task_queues:84:21)
rejected promise not handled within 1 second: CodeExpectedError: Could not find pty on pty host
stack trace: CodeExpectedError: Could not find pty on pty host
    at E.L (/home/ec2-user/.vscode-server/bin/b3e4e68a0bc097f0ae7907b217c1119af9e03435/out/vs/platform/terminal/node/ptyHostMain.js:28:6871)
    at E.updateTitle (/home/ec2-user/.vscode-server/bin/b3e4e68a0bc097f0ae7907b217c1119af9e03435/out/vs/platform/terminal/node/ptyHostMain.js:28:2652)
    at Object.call (/home/ec2-user/.vscode-server/bin/b3e4e68a0bc097f0ae7907b217c1119af9e03435/out/vs/platform/terminal/node/ptyHostMain.js:17:5093)
    at h.s (/home/ec2-user/.vscode-server/bin/b3e4e68a0bc097f0ae7907b217c1119af9e03435/out/vs/platform/terminal/node/ptyHostMain.js:15:5445)
    at h.q (/home/ec2-user/.vscode-server/bin/b3e4e68a0bc097f0ae7907b217c1119af9e03435/out/vs/platform/terminal/node/ptyHostMain.js:15:4936)
    at /home/ec2-user/.vscode-server/bin/b3e4e68a0bc097f0ae7907b217c1119af9e03435/out/vs/platform/terminal/node/ptyHostMain.js:15:4341
    at c.invoke (/home/ec2-user/.vscode-server/bin/b3e4e68a0bc097f0ae7907b217c1119af9e03435/out/vs/platform/terminal/node/ptyHostMain.js:11:145)
    at g.deliver (/home/ec2-user/.vscode-server/bin/b3e4e68a0bc097f0ae7907b217c1119af9e03435/out/vs/platform/terminal/node/ptyHostMain.js:11:2125)
    at t.fire (/home/ec2-user/.vscode-server/bin/b3e4e68a0bc097f0ae7907b217c1119af9e03435/out/vs/platform/terminal/node/ptyHostMain.js:11:1733)
    at process.U (/home/ec2-user/.vscode-server/bin/b3e4e68a0bc097f0ae7907b217c1119af9e03435/out/vs/platform/terminal/node/ptyHostMain.js:9:21145)
    at process.emit (node:events:513:28)
    at emit (node:internal/child_process:939:14)
    at processTicksAndRejections (node:internal/process/task_queues:84:21)
[20:06:03] Error [CodeExpectedError]: Could not find pty on pty host
    at E.L (/home/ec2-user/.vscode-server/bin/b3e4e68a0bc097f0ae7907b217c1119af9e03435/out/vs/platform/terminal/node/ptyHostMain.js:28:6871)
    at E.updateTitle (/home/ec2-user/.vscode-server/bin/b3e4e68a0bc097f0ae7907b217c1119af9e03435/out/vs/platform/terminal/node/ptyHostMain.js:28:2652)
    at Object.call (/home/ec2-user/.vscode-server/bin/b3e4e68a0bc097f0ae7907b217c1119af9e03435/out/vs/platform/terminal/node/ptyHostMain.js:17:5093)
    at h.s (/home/ec2-user/.vscode-server/bin/b3e4e68a0bc097f0ae7907b217c1119af9e03435/out/vs/platform/terminal/node/ptyHostMain.js:15:5445)
    at h.q (/home/ec2-user/.vscode-server/bin/b3e4e68a0bc097f0ae7907b217c1119af9e03435/out/vs/platform/terminal/node/ptyHostMain.js:15:4936)
    at /home/ec2-user/.vscode-server/bin/b3e4e68a0bc097f0ae7907b217c1119af9e03435/out/vs/platform/terminal/node/ptyHostMain.js:15:4341
    at c.invoke (/home/ec2-user/.vscode-server/bin/b3e4e68a0bc097f0ae7907b217c1119af9e03435/out/vs/platform/terminal/node/ptyHostMain.js:11:145)
    at g.deliver (/home/ec2-user/.vscode-server/bin/b3e4e68a0bc097f0ae7907b217c1119af9e03435/out/vs/platform/terminal/node/ptyHostMain.js:11:2125)
    at t.fire (/home/ec2-user/.vscode-server/bin/b3e4e68a0bc097f0ae7907b217c1119af9e03435/out/vs/platform/terminal/node/ptyHostMain.js:11:1733)
    at process.U (/home/ec2-user/.vscode-server/bin/b3e4e68a0bc097f0ae7907b217c1119af9e03435/out/vs/platform/terminal/node/ptyHostMain.js:9:21145)
    at process.emit (node:events:513:28)
    at emit (node:internal/child_process:939:14)
    at processTicksAndRejections (node:internal/process/task_queues:84:21)
rejected promise not handled within 1 second: CodeExpectedError: Could not find pty on pty host
stack trace: CodeExpectedError: Could not find pty on pty host
    at E.L (/home/ec2-user/.vscode-server/bin/b3e4e68a0bc097f0ae7907b217c1119af9e03435/out/vs/platform/terminal/node/ptyHostMain.js:28:6871)
    at E.updateTitle (/home/ec2-user/.vscode-server/bin/b3e4e68a0bc097f0ae7907b217c1119af9e03435/out/vs/platform/terminal/node/ptyHostMain.js:28:2652)
    at Object.call (/home/ec2-user/.vscode-server/bin/b3e4e68a0bc097f0ae7907b217c1119af9e03435/out/vs/platform/terminal/node/ptyHostMain.js:17:5093)
    at h.s (/home/ec2-user/.vscode-server/bin/b3e4e68a0bc097f0ae7907b217c1119af9e03435/out/vs/platform/terminal/node/ptyHostMain.js:15:5445)
    at h.q (/home/ec2-user/.vscode-server/bin/b3e4e68a0bc097f0ae7907b217c1119af9e03435/out/vs/platform/terminal/node/ptyHostMain.js:15:4936)
    at /home/ec2-user/.vscode-server/bin/b3e4e68a0bc097f0ae7907b217c1119af9e03435/out/vs/platform/terminal/node/ptyHostMain.js:15:4341
    at c.invoke (/home/ec2-user/.vscode-server/bin/b3e4e68a0bc097f0ae7907b217c1119af9e03435/out/vs/platform/terminal/node/ptyHostMain.js:11:145)
    at g.deliver (/home/ec2-user/.vscode-server/bin/b3e4e68a0bc097f0ae7907b217c1119af9e03435/out/vs/platform/terminal/node/ptyHostMain.js:11:2125)
    at t.fire (/home/ec2-user/.vscode-server/bin/b3e4e68a0bc097f0ae7907b217c1119af9e03435/out/vs/platform/terminal/node/ptyHostMain.js:11:1733)
    at process.U (/home/ec2-user/.vscode-server/bin/b3e4e68a0bc097f0ae7907b217c1119af9e03435/out/vs/platform/terminal/node/ptyHostMain.js:9:21145)
    at process.emit (node:events:513:28)
    at emit (node:internal/child_process:939:14)
    at processTicksAndRejections (node:internal/process/task_queues:84:21)
[20:06:04] Error [CodeExpectedError]: Could not find pty on pty host
    at E.L (/home/ec2-user/.vscode-server/bin/b3e4e68a0bc097f0ae7907b217c1119af9e03435/out/vs/platform/terminal/node/ptyHostMain.js:28:6871)
    at E.updateTitle (/home/ec2-user/.vscode-server/bin/b3e4e68a0bc097f0ae7907b217c1119af9e03435/out/vs/platform/terminal/node/ptyHostMain.js:28:2652)
    at Object.call (/home/ec2-user/.vscode-server/bin/b3e4e68a0bc097f0ae7907b217c1119af9e03435/out/vs/platform/terminal/node/ptyHostMain.js:17:5093)
    at h.s (/home/ec2-user/.vscode-server/bin/b3e4e68a0bc097f0ae7907b217c1119af9e03435/out/vs/platform/terminal/node/ptyHostMain.js:15:5445)
    at h.q (/home/ec2-user/.vscode-server/bin/b3e4e68a0bc097f0ae7907b217c1119af9e03435/out/vs/platform/terminal/node/ptyHostMain.js:15:4936)
    at /home/ec2-user/.vscode-server/bin/b3e4e68a0bc097f0ae7907b217c1119af9e03435/out/vs/platform/terminal/node/ptyHostMain.js:15:4341
    at c.invoke (/home/ec2-user/.vscode-server/bin/b3e4e68a0bc097f0ae7907b217c1119af9e03435/out/vs/platform/terminal/node/ptyHostMain.js:11:145)
    at g.deliver (/home/ec2-user/.vscode-server/bin/b3e4e68a0bc097f0ae7907b217c1119af9e03435/out/vs/platform/terminal/node/ptyHostMain.js:11:2125)
    at t.fire (/home/ec2-user/.vscode-server/bin/b3e4e68a0bc097f0ae7907b217c1119af9e03435/out/vs/platform/terminal/node/ptyHostMain.js:11:1733)
    at process.U (/home/ec2-user/.vscode-server/bin/b3e4e68a0bc097f0ae7907b217c1119af9e03435/out/vs/platform/terminal/node/ptyHostMain.js:9:21145)
    at process.emit (node:events:513:28)
    at emit (node:internal/child_process:939:14)
    at processTicksAndRejections (node:internal/process/task_queues:84:21)
[20:06:34] [127.0.0.1][1d6a91e1][ManagementConnection] The client has reconnected.
rejected promise not handled within 1 second: CodeExpectedError: Could not find pty on pty host
stack trace: CodeExpectedError: Could not find pty on pty host
    at E.L (/home/ec2-user/.vscode-server/bin/b3e4e68a0bc097f0ae7907b217c1119af9e03435/out/vs/platform/terminal/node/ptyHostMain.js:28:6871)
    at E.updateIcon (/home/ec2-user/.vscode-server/bin/b3e4e68a0bc097f0ae7907b217c1119af9e03435/out/vs/platform/terminal/node/ptyHostMain.js:28:2702)
    at Object.call (/home/ec2-user/.vscode-server/bin/b3e4e68a0bc097f0ae7907b217c1119af9e03435/out/vs/platform/terminal/node/ptyHostMain.js:17:5093)
    at h.s (/home/ec2-user/.vscode-server/bin/b3e4e68a0bc097f0ae7907b217c1119af9e03435/out/vs/platform/terminal/node/ptyHostMain.js:15:5445)
    at h.q (/home/ec2-user/.vscode-server/bin/b3e4e68a0bc097f0ae7907b217c1119af9e03435/out/vs/platform/terminal/node/ptyHostMain.js:15:4936)
    at /home/ec2-user/.vscode-server/bin/b3e4e68a0bc097f0ae7907b217c1119af9e03435/out/vs/platform/terminal/node/ptyHostMain.js:15:4341
    at c.invoke (/home/ec2-user/.vscode-server/bin/b3e4e68a0bc097f0ae7907b217c1119af9e03435/out/vs/platform/terminal/node/ptyHostMain.js:11:145)
    at g.deliver (/home/ec2-user/.vscode-server/bin/b3e4e68a0bc097f0ae7907b217c1119af9e03435/out/vs/platform/terminal/node/ptyHostMain.js:11:2125)
    at t.fire (/home/ec2-user/.vscode-server/bin/b3e4e68a0bc097f0ae7907b217c1119af9e03435/out/vs/platform/terminal/node/ptyHostMain.js:11:1733)
    at process.U (/home/ec2-user/.vscode-server/bin/b3e4e68a0bc097f0ae7907b217c1119af9e03435/out/vs/platform/terminal/node/ptyHostMain.js:9:21145)
    at process.emit (node:events:513:28)
    at emit (node:internal/child_process:939:14)
    at processTicksAndRejections (node:internal/process/task_queues:84:21)
[20:06:35] Error [CodeExpectedError]: Could not find pty on pty host
    at E.L (/home/ec2-user/.vscode-server/bin/b3e4e68a0bc097f0ae7907b217c1119af9e03435/out/vs/platform/terminal/node/ptyHostMain.js:28:6871)
    at E.updateIcon (/home/ec2-user/.vscode-server/bin/b3e4e68a0bc097f0ae7907b217c1119af9e03435/out/vs/platform/terminal/node/ptyHostMain.js:28:2702)
    at Object.call (/home/ec2-user/.vscode-server/bin/b3e4e68a0bc097f0ae7907b217c1119af9e03435/out/vs/platform/terminal/node/ptyHostMain.js:17:5093)
    at h.s (/home/ec2-user/.vscode-server/bin/b3e4e68a0bc097f0ae7907b217c1119af9e03435/out/vs/platform/terminal/node/ptyHostMain.js:15:5445)
    at h.q (/home/ec2-user/.vscode-server/bin/b3e4e68a0bc097f0ae7907b217c1119af9e03435/out/vs/platform/terminal/node/ptyHostMain.js:15:4936)
    at /home/ec2-user/.vscode-server/bin/b3e4e68a0bc097f0ae7907b217c1119af9e03435/out/vs/platform/terminal/node/ptyHostMain.js:15:4341
    at c.invoke (/home/ec2-user/.vscode-server/bin/b3e4e68a0bc097f0ae7907b217c1119af9e03435/out/vs/platform/terminal/node/ptyHostMain.js:11:145)
    at g.deliver (/home/ec2-user/.vscode-server/bin/b3e4e68a0bc097f0ae7907b217c1119af9e03435/out/vs/platform/terminal/node/ptyHostMain.js:11:2125)
    at t.fire (/home/ec2-user/.vscode-server/bin/b3e4e68a0bc097f0ae7907b217c1119af9e03435/out/vs/platform/terminal/node/ptyHostMain.js:11:1733)
    at process.U (/home/ec2-user/.vscode-server/bin/b3e4e68a0bc097f0ae7907b217c1119af9e03435/out/vs/platform/terminal/node/ptyHostMain.js:9:21145)
    at process.emit (node:events:513:28)
    at emit (node:internal/child_process:939:14)
    at processTicksAndRejections (node:internal/process/task_queues:84:21)
rejected promise not handled within 1 second: CodeExpectedError: Could not find pty on pty host
stack trace: CodeExpectedError: Could not find pty on pty host
    at E.L (/home/ec2-user/.vscode-server/bin/b3e4e68a0bc097f0ae7907b217c1119af9e03435/out/vs/platform/terminal/node/ptyHostMain.js:28:6871)
    at E.updateTitle (/home/ec2-user/.vscode-server/bin/b3e4e68a0bc097f0ae7907b217c1119af9e03435/out/vs/platform/terminal/node/ptyHostMain.js:28:2652)
    at Object.call (/home/ec2-user/.vscode-server/bin/b3e4e68a0bc097f0ae7907b217c1119af9e03435/out/vs/platform/terminal/node/ptyHostMain.js:17:5093)
    at h.s (/home/ec2-user/.vscode-server/bin/b3e4e68a0bc097f0ae7907b217c1119af9e03435/out/vs/platform/terminal/node/ptyHostMain.js:15:5445)
    at h.q (/home/ec2-user/.vscode-server/bin/b3e4e68a0bc097f0ae7907b217c1119af9e03435/out/vs/platform/terminal/node/ptyHostMain.js:15:4936)
    at /home/ec2-user/.vscode-server/bin/b3e4e68a0bc097f0ae7907b217c1119af9e03435/out/vs/platform/terminal/node/ptyHostMain.js:15:4341
    at c.invoke (/home/ec2-user/.vscode-server/bin/b3e4e68a0bc097f0ae7907b217c1119af9e03435/out/vs/platform/terminal/node/ptyHostMain.js:11:145)
    at g.deliver (/home/ec2-user/.vscode-server/bin/b3e4e68a0bc097f0ae7907b217c1119af9e03435/out/vs/platform/terminal/node/ptyHostMain.js:11:2125)
    at t.fire (/home/ec2-user/.vscode-server/bin/b3e4e68a0bc097f0ae7907b217c1119af9e03435/out/vs/platform/terminal/node/ptyHostMain.js:11:1733)
    at process.U (/home/ec2-user/.vscode-server/bin/b3e4e68a0bc097f0ae7907b217c1119af9e03435/out/vs/platform/terminal/node/ptyHostMain.js:9:21145)
    at process.emit (node:events:513:28)
    at emit (node:internal/child_process:939:14)
    at processTicksAndRejections (node:internal/process/task_queues:84:21)
[20:06:35] Error [CodeExpectedError]: Could not find pty on pty host
    at E.L (/home/ec2-user/.vscode-server/bin/b3e4e68a0bc097f0ae7907b217c1119af9e03435/out/vs/platform/terminal/node/ptyHostMain.js:28:6871)
    at E.updateTitle (/home/ec2-user/.vscode-server/bin/b3e4e68a0bc097f0ae7907b217c1119af9e03435/out/vs/platform/terminal/node/ptyHostMain.js:28:2652)
    at Object.call (/home/ec2-user/.vscode-server/bin/b3e4e68a0bc097f0ae7907b217c1119af9e03435/out/vs/platform/terminal/node/ptyHostMain.js:17:5093)
    at h.s (/home/ec2-user/.vscode-server/bin/b3e4e68a0bc097f0ae7907b217c1119af9e03435/out/vs/platform/terminal/node/ptyHostMain.js:15:5445)
    at h.q (/home/ec2-user/.vscode-server/bin/b3e4e68a0bc097f0ae7907b217c1119af9e03435/out/vs/platform/terminal/node/ptyHostMain.js:15:4936)
    at /home/ec2-user/.vscode-server/bin/b3e4e68a0bc097f0ae7907b217c1119af9e03435/out/vs/platform/terminal/node/ptyHostMain.js:15:4341
    at c.invoke (/home/ec2-user/.vscode-server/bin/b3e4e68a0bc097f0ae7907b217c1119af9e03435/out/vs/platform/terminal/node/ptyHostMain.js:11:145)
    at g.deliver (/home/ec2-user/.vscode-server/bin/b3e4e68a0bc097f0ae7907b217c1119af9e03435/out/vs/platform/terminal/node/ptyHostMain.js:11:2125)
    at t.fire (/home/ec2-user/.vscode-server/bin/b3e4e68a0bc097f0ae7907b217c1119af9e03435/out/vs/platform/terminal/node/ptyHostMain.js:11:1733)
    at process.U (/home/ec2-user/.vscode-server/bin/b3e4e68a0bc097f0ae7907b217c1119af9e03435/out/vs/platform/terminal/node/ptyHostMain.js:9:21145)
    at process.emit (node:events:513:28)
    at emit (node:internal/child_process:939:14)
    at processTicksAndRejections (node:internal/process/task_queues:84:21)
rejected promise not handled within 1 second: CodeExpectedError: Could not find pty on pty host
stack trace: CodeExpectedError: Could not find pty on pty host
    at E.L (/home/ec2-user/.vscode-server/bin/b3e4e68a0bc097f0ae7907b217c1119af9e03435/out/vs/platform/terminal/node/ptyHostMain.js:28:6871)
    at E.updateTitle (/home/ec2-user/.vscode-server/bin/b3e4e68a0bc097f0ae7907b217c1119af9e03435/out/vs/platform/terminal/node/ptyHostMain.js:28:2652)
    at Object.call (/home/ec2-user/.vscode-server/bin/b3e4e68a0bc097f0ae7907b217c1119af9e03435/out/vs/platform/terminal/node/ptyHostMain.js:17:5093)
    at h.s (/home/ec2-user/.vscode-server/bin/b3e4e68a0bc097f0ae7907b217c1119af9e03435/out/vs/platform/terminal/node/ptyHostMain.js:15:5445)
    at h.q (/home/ec2-user/.vscode-server/bin/b3e4e68a0bc097f0ae7907b217c1119af9e03435/out/vs/platform/terminal/node/ptyHostMain.js:15:4936)
    at /home/ec2-user/.vscode-server/bin/b3e4e68a0bc097f0ae7907b217c1119af9e03435/out/vs/platform/terminal/node/ptyHostMain.js:15:4341
    at c.invoke (/home/ec2-user/.vscode-server/bin/b3e4e68a0bc097f0ae7907b217c1119af9e03435/out/vs/platform/terminal/node/ptyHostMain.js:11:145)
    at g.deliver (/home/ec2-user/.vscode-server/bin/b3e4e68a0bc097f0ae7907b217c1119af9e03435/out/vs/platform/terminal/node/ptyHostMain.js:11:2125)
    at t.fire (/home/ec2-user/.vscode-server/bin/b3e4e68a0bc097f0ae7907b217c1119af9e03435/out/vs/platform/terminal/node/ptyHostMain.js:11:1733)
    at process.U (/home/ec2-user/.vscode-server/bin/b3e4e68a0bc097f0ae7907b217c1119af9e03435/out/vs/platform/terminal/node/ptyHostMain.js:9:21145)
    at process.emit (node:events:513:28)
    at emit (node:internal/child_process:939:14)
    at processTicksAndRejections (node:internal/process/task_queues:84:21)
[20:06:35] Error [CodeExpectedError]: Could not find pty on pty host
    at E.L (/home/ec2-user/.vscode-server/bin/b3e4e68a0bc097f0ae7907b217c1119af9e03435/out/vs/platform/terminal/node/ptyHostMain.js:28:6871)
    at E.updateTitle (/home/ec2-user/.vscode-server/bin/b3e4e68a0bc097f0ae7907b217c1119af9e03435/out/vs/platform/terminal/node/ptyHostMain.js:28:2652)
    at Object.call (/home/ec2-user/.vscode-server/bin/b3e4e68a0bc097f0ae7907b217c1119af9e03435/out/vs/platform/terminal/node/ptyHostMain.js:17:5093)
    at h.s (/home/ec2-user/.vscode-server/bin/b3e4e68a0bc097f0ae7907b217c1119af9e03435/out/vs/platform/terminal/node/ptyHostMain.js:15:5445)
    at h.q (/home/ec2-user/.vscode-server/bin/b3e4e68a0bc097f0ae7907b217c1119af9e03435/out/vs/platform/terminal/node/ptyHostMain.js:15:4936)
    at /home/ec2-user/.vscode-server/bin/b3e4e68a0bc097f0ae7907b217c1119af9e03435/out/vs/platform/terminal/node/ptyHostMain.js:15:4341
    at c.invoke (/home/ec2-user/.vscode-server/bin/b3e4e68a0bc097f0ae7907b217c1119af9e03435/out/vs/platform/terminal/node/ptyHostMain.js:11:145)
    at g.deliver (/home/ec2-user/.vscode-server/bin/b3e4e68a0bc097f0ae7907b217c1119af9e03435/out/vs/platform/terminal/node/ptyHostMain.js:11:2125)
    at t.fire (/home/ec2-user/.vscode-server/bin/b3e4e68a0bc097f0ae7907b217c1119af9e03435/out/vs/platform/terminal/node/ptyHostMain.js:11:1733)
    at process.U (/home/ec2-user/.vscode-server/bin/b3e4e68a0bc097f0ae7907b217c1119af9e03435/out/vs/platform/terminal/node/ptyHostMain.js:9:21145)
    at process.emit (node:events:513:28)
    at emit (node:internal/child_process:939:14)
    at processTicksAndRejections (node:internal/process/task_queues:84:21)
[20:06:36] [127.0.0.1][4856dd80][ExtensionHostConnection] The client has reconnected.
rejected promise not handled within 1 second: CodeExpectedError: Could not find pty on pty host
stack trace: CodeExpectedError: Could not find pty on pty host
    at E.L (/home/ec2-user/.vscode-server/bin/b3e4e68a0bc097f0ae7907b217c1119af9e03435/out/vs/platform/terminal/node/ptyHostMain.js:28:6871)
    at E.updateTitle (/home/ec2-user/.vscode-server/bin/b3e4e68a0bc097f0ae7907b217c1119af9e03435/out/vs/platform/terminal/node/ptyHostMain.js:28:2652)
    at Object.call (/home/ec2-user/.vscode-server/bin/b3e4e68a0bc097f0ae7907b217c1119af9e03435/out/vs/platform/terminal/node/ptyHostMain.js:17:5093)
    at h.s (/home/ec2-user/.vscode-server/bin/b3e4e68a0bc097f0ae7907b217c1119af9e03435/out/vs/platform/terminal/node/ptyHostMain.js:15:5445)
    at h.q (/home/ec2-user/.vscode-server/bin/b3e4e68a0bc097f0ae7907b217c1119af9e03435/out/vs/platform/terminal/node/ptyHostMain.js:15:4936)
    at /home/ec2-user/.vscode-server/bin/b3e4e68a0bc097f0ae7907b217c1119af9e03435/out/vs/platform/terminal/node/ptyHostMain.js:15:4341
    at c.invoke (/home/ec2-user/.vscode-server/bin/b3e4e68a0bc097f0ae7907b217c1119af9e03435/out/vs/platform/terminal/node/ptyHostMain.js:11:145)
    at g.deliver (/home/ec2-user/.vscode-server/bin/b3e4e68a0bc097f0ae7907b217c1119af9e03435/out/vs/platform/terminal/node/ptyHostMain.js:11:2125)
    at t.fire (/home/ec2-user/.vscode-server/bin/b3e4e68a0bc097f0ae7907b217c1119af9e03435/out/vs/platform/terminal/node/ptyHostMain.js:11:1733)
    at process.U (/home/ec2-user/.vscode-server/bin/b3e4e68a0bc097f0ae7907b217c1119af9e03435/out/vs/platform/terminal/node/ptyHostMain.js:9:21145)
    at process.emit (node:events:513:28)
    at emit (node:internal/child_process:939:14)
    at processTicksAndRejections (node:internal/process/task_queues:84:21)
[20:06:36] Error [CodeExpectedError]: Could not find pty on pty host
    at E.L (/home/ec2-user/.vscode-server/bin/b3e4e68a0bc097f0ae7907b217c1119af9e03435/out/vs/platform/terminal/node/ptyHostMain.js:28:6871)
    at E.updateTitle (/home/ec2-user/.vscode-server/bin/b3e4e68a0bc097f0ae7907b217c1119af9e03435/out/vs/platform/terminal/node/ptyHostMain.js:28:2652)
    at Object.call (/home/ec2-user/.vscode-server/bin/b3e4e68a0bc097f0ae7907b217c1119af9e03435/out/vs/platform/terminal/node/ptyHostMain.js:17:5093)
    at h.s (/home/ec2-user/.vscode-server/bin/b3e4e68a0bc097f0ae7907b217c1119af9e03435/out/vs/platform/terminal/node/ptyHostMain.js:15:5445)
    at h.q (/home/ec2-user/.vscode-server/bin/b3e4e68a0bc097f0ae7907b217c1119af9e03435/out/vs/platform/terminal/node/ptyHostMain.js:15:4936)
    at /home/ec2-user/.vscode-server/bin/b3e4e68a0bc097f0ae7907b217c1119af9e03435/out/vs/platform/terminal/node/ptyHostMain.js:15:4341
    at c.invoke (/home/ec2-user/.vscode-server/bin/b3e4e68a0bc097f0ae7907b217c1119af9e03435/out/vs/platform/terminal/node/ptyHostMain.js:11:145)
    at g.deliver (/home/ec2-user/.vscode-server/bin/b3e4e68a0bc097f0ae7907b217c1119af9e03435/out/vs/platform/terminal/node/ptyHostMain.js:11:2125)
    at t.fire (/home/ec2-user/.vscode-server/bin/b3e4e68a0bc097f0ae7907b217c1119af9e03435/out/vs/platform/terminal/node/ptyHostMain.js:11:1733)
    at process.U (/home/ec2-user/.vscode-server/bin/b3e4e68a0bc097f0ae7907b217c1119af9e03435/out/vs/platform/terminal/node/ptyHostMain.js:9:21145)
    at process.emit (node:events:513:28)
    at emit (node:internal/child_process:939:14)
    at processTicksAndRejections (node:internal/process/task_queues:84:21)
[20:07:37] [127.0.0.1][1d6a91e1][ManagementConnection] The client has reconnected.
rejected promise not handled within 1 second: CodeExpectedError: Could not find pty on pty host
stack trace: CodeExpectedError: Could not find pty on pty host
    at E.L (/home/ec2-user/.vscode-server/bin/b3e4e68a0bc097f0ae7907b217c1119af9e03435/out/vs/platform/terminal/node/ptyHostMain.js:28:6871)
    at E.updateIcon (/home/ec2-user/.vscode-server/bin/b3e4e68a0bc097f0ae7907b217c1119af9e03435/out/vs/platform/terminal/node/ptyHostMain.js:28:2702)
    at Object.call (/home/ec2-user/.vscode-server/bin/b3e4e68a0bc097f0ae7907b217c1119af9e03435/out/vs/platform/terminal/node/ptyHostMain.js:17:5093)
    at h.s (/home/ec2-user/.vscode-server/bin/b3e4e68a0bc097f0ae7907b217c1119af9e03435/out/vs/platform/terminal/node/ptyHostMain.js:15:5445)
    at h.q (/home/ec2-user/.vscode-server/bin/b3e4e68a0bc097f0ae7907b217c1119af9e03435/out/vs/platform/terminal/node/ptyHostMain.js:15:4936)
    at /home/ec2-user/.vscode-server/bin/b3e4e68a0bc097f0ae7907b217c1119af9e03435/out/vs/platform/terminal/node/ptyHostMain.js:15:4341
    at c.invoke (/home/ec2-user/.vscode-server/bin/b3e4e68a0bc097f0ae7907b217c1119af9e03435/out/vs/platform/terminal/node/ptyHostMain.js:11:145)
    at g.deliver (/home/ec2-user/.vscode-server/bin/b3e4e68a0bc097f0ae7907b217c1119af9e03435/out/vs/platform/terminal/node/ptyHostMain.js:11:2125)
    at t.fire (/home/ec2-user/.vscode-server/bin/b3e4e68a0bc097f0ae7907b217c1119af9e03435/out/vs/platform/terminal/node/ptyHostMain.js:11:1733)
    at process.U (/home/ec2-user/.vscode-server/bin/b3e4e68a0bc097f0ae7907b217c1119af9e03435/out/vs/platform/terminal/node/ptyHostMain.js:9:21145)
    at process.emit (node:events:513:28)
    at emit (node:internal/child_process:939:14)
    at processTicksAndRejections (node:internal/process/task_queues:84:21)
[20:07:38] Error [CodeExpectedError]: Could not find pty on pty host
    at E.L (/home/ec2-user/.vscode-server/bin/b3e4e68a0bc097f0ae7907b217c1119af9e03435/out/vs/platform/terminal/node/ptyHostMain.js:28:6871)
    at E.updateIcon (/home/ec2-user/.vscode-server/bin/b3e4e68a0bc097f0ae7907b217c1119af9e03435/out/vs/platform/terminal/node/ptyHostMain.js:28:2702)
    at Object.call (/home/ec2-user/.vscode-server/bin/b3e4e68a0bc097f0ae7907b217c1119af9e03435/out/vs/platform/terminal/node/ptyHostMain.js:17:5093)
    at h.s (/home/ec2-user/.vscode-server/bin/b3e4e68a0bc097f0ae7907b217c1119af9e03435/out/vs/platform/terminal/node/ptyHostMain.js:15:5445)
    at h.q (/home/ec2-user/.vscode-server/bin/b3e4e68a0bc097f0ae7907b217c1119af9e03435/out/vs/platform/terminal/node/ptyHostMain.js:15:4936)
    at /home/ec2-user/.vscode-server/bin/b3e4e68a0bc097f0ae7907b217c1119af9e03435/out/vs/platform/terminal/node/ptyHostMain.js:15:4341
    at c.invoke (/home/ec2-user/.vscode-server/bin/b3e4e68a0bc097f0ae7907b217c1119af9e03435/out/vs/platform/terminal/node/ptyHostMain.js:11:145)
    at g.deliver (/home/ec2-user/.vscode-server/bin/b3e4e68a0bc097f0ae7907b217c1119af9e03435/out/vs/platform/terminal/node/ptyHostMain.js:11:2125)
    at t.fire (/home/ec2-user/.vscode-server/bin/b3e4e68a0bc097f0ae7907b217c1119af9e03435/out/vs/platform/terminal/node/ptyHostMain.js:11:1733)
    at process.U (/home/ec2-user/.vscode-server/bin/b3e4e68a0bc097f0ae7907b217c1119af9e03435/out/vs/platform/terminal/node/ptyHostMain.js:9:21145)
    at process.emit (node:events:513:28)
    at emit (node:internal/child_process:939:14)
    at processTicksAndRejections (node:internal/process/task_queues:84:21)
rejected promise not handled within 1 second: CodeExpectedError: Could not find pty on pty host
stack trace: CodeExpectedError: Could not find pty on pty host
    at E.L (/home/ec2-user/.vscode-server/bin/b3e4e68a0bc097f0ae7907b217c1119af9e03435/out/vs/platform/terminal/node/ptyHostMain.js:28:6871)
    at E.updateTitle (/home/ec2-user/.vscode-server/bin/b3e4e68a0bc097f0ae7907b217c1119af9e03435/out/vs/platform/terminal/node/ptyHostMain.js:28:2652)
    at Object.call (/home/ec2-user/.vscode-server/bin/b3e4e68a0bc097f0ae7907b217c1119af9e03435/out/vs/platform/terminal/node/ptyHostMain.js:17:5093)
    at h.s (/home/ec2-user/.vscode-server/bin/b3e4e68a0bc097f0ae7907b217c1119af9e03435/out/vs/platform/terminal/node/ptyHostMain.js:15:5445)
    at h.q (/home/ec2-user/.vscode-server/bin/b3e4e68a0bc097f0ae7907b217c1119af9e03435/out/vs/platform/terminal/node/ptyHostMain.js:15:4936)
    at /home/ec2-user/.vscode-server/bin/b3e4e68a0bc097f0ae7907b217c1119af9e03435/out/vs/platform/terminal/node/ptyHostMain.js:15:4341
    at c.invoke (/home/ec2-user/.vscode-server/bin/b3e4e68a0bc097f0ae7907b217c1119af9e03435/out/vs/platform/terminal/node/ptyHostMain.js:11:145)
    at g.deliver (/home/ec2-user/.vscode-server/bin/b3e4e68a0bc097f0ae7907b217c1119af9e03435/out/vs/platform/terminal/node/ptyHostMain.js:11:2125)
    at t.fire (/home/ec2-user/.vscode-server/bin/b3e4e68a0bc097f0ae7907b217c1119af9e03435/out/vs/platform/terminal/node/ptyHostMain.js:11:1733)
    at process.U (/home/ec2-user/.vscode-server/bin/b3e4e68a0bc097f0ae7907b217c1119af9e03435/out/vs/platform/terminal/node/ptyHostMain.js:9:21145)
    at process.emit (node:events:513:28)
    at emit (node:internal/child_process:939:14)
    at processTicksAndRejections (node:internal/process/task_queues:84:21)
[20:07:38] Error [CodeExpectedError]: Could not find pty on pty host
    at E.L (/home/ec2-user/.vscode-server/bin/b3e4e68a0bc097f0ae7907b217c1119af9e03435/out/vs/platform/terminal/node/ptyHostMain.js:28:6871)
    at E.updateTitle (/home/ec2-user/.vscode-server/bin/b3e4e68a0bc097f0ae7907b217c1119af9e03435/out/vs/platform/terminal/node/ptyHostMain.js:28:2652)
    at Object.call (/home/ec2-user/.vscode-server/bin/b3e4e68a0bc097f0ae7907b217c1119af9e03435/out/vs/platform/terminal/node/ptyHostMain.js:17:5093)
    at h.s (/home/ec2-user/.vscode-server/bin/b3e4e68a0bc097f0ae7907b217c1119af9e03435/out/vs/platform/terminal/node/ptyHostMain.js:15:5445)
    at h.q (/home/ec2-user/.vscode-server/bin/b3e4e68a0bc097f0ae7907b217c1119af9e03435/out/vs/platform/terminal/node/ptyHostMain.js:15:4936)
    at /home/ec2-user/.vscode-server/bin/b3e4e68a0bc097f0ae7907b217c1119af9e03435/out/vs/platform/terminal/node/ptyHostMain.js:15:4341
    at c.invoke (/home/ec2-user/.vscode-server/bin/b3e4e68a0bc097f0ae7907b217c1119af9e03435/out/vs/platform/terminal/node/ptyHostMain.js:11:145)
    at g.deliver (/home/ec2-user/.vscode-server/bin/b3e4e68a0bc097f0ae7907b217c1119af9e03435/out/vs/platform/terminal/node/ptyHostMain.js:11:2125)
    at t.fire (/home/ec2-user/.vscode-server/bin/b3e4e68a0bc097f0ae7907b217c1119af9e03435/out/vs/platform/terminal/node/ptyHostMain.js:11:1733)
    at process.U (/home/ec2-user/.vscode-server/bin/b3e4e68a0bc097f0ae7907b217c1119af9e03435/out/vs/platform/terminal/node/ptyHostMain.js:9:21145)
    at process.emit (node:events:513:28)
    at emit (node:internal/child_process:939:14)
    at processTicksAndRejections (node:internal/process/task_queues:84:21)
[20:07:40] [127.0.0.1][4856dd80][ExtensionHostConnection] The client has reconnected.
[20:20:48] [127.0.0.1][1d6a91e1][ManagementConnection] The client has reconnected.
[20:20:48] [127.0.0.1][4856dd80][ExtensionHostConnection] The client has reconnected.
rejected promise not handled within 1 second: CodeExpectedError: Could not find pty on pty host
stack trace: CodeExpectedError: Could not find pty on pty host
    at E.L (/home/ec2-user/.vscode-server/bin/b3e4e68a0bc097f0ae7907b217c1119af9e03435/out/vs/platform/terminal/node/ptyHostMain.js:28:6871)
    at E.updateIcon (/home/ec2-user/.vscode-server/bin/b3e4e68a0bc097f0ae7907b217c1119af9e03435/out/vs/platform/terminal/node/ptyHostMain.js:28:2702)
    at Object.call (/home/ec2-user/.vscode-server/bin/b3e4e68a0bc097f0ae7907b217c1119af9e03435/out/vs/platform/terminal/node/ptyHostMain.js:17:5093)
    at h.s (/home/ec2-user/.vscode-server/bin/b3e4e68a0bc097f0ae7907b217c1119af9e03435/out/vs/platform/terminal/node/ptyHostMain.js:15:5445)
    at h.q (/home/ec2-user/.vscode-server/bin/b3e4e68a0bc097f0ae7907b217c1119af9e03435/out/vs/platform/terminal/node/ptyHostMain.js:15:4936)
    at /home/ec2-user/.vscode-server/bin/b3e4e68a0bc097f0ae7907b217c1119af9e03435/out/vs/platform/terminal/node/ptyHostMain.js:15:4341
    at c.invoke (/home/ec2-user/.vscode-server/bin/b3e4e68a0bc097f0ae7907b217c1119af9e03435/out/vs/platform/terminal/node/ptyHostMain.js:11:145)
    at g.deliver (/home/ec2-user/.vscode-server/bin/b3e4e68a0bc097f0ae7907b217c1119af9e03435/out/vs/platform/terminal/node/ptyHostMain.js:11:2125)
    at t.fire (/home/ec2-user/.vscode-server/bin/b3e4e68a0bc097f0ae7907b217c1119af9e03435/out/vs/platform/terminal/node/ptyHostMain.js:11:1733)
    at process.U (/home/ec2-user/.vscode-server/bin/b3e4e68a0bc097f0ae7907b217c1119af9e03435/out/vs/platform/terminal/node/ptyHostMain.js:9:21145)
    at process.emit (node:events:513:28)
    at emit (node:internal/child_process:939:14)
    at processTicksAndRejections (node:internal/process/task_queues:84:21)
[20:20:49] Error [CodeExpectedError]: Could not find pty on pty host
    at E.L (/home/ec2-user/.vscode-server/bin/b3e4e68a0bc097f0ae7907b217c1119af9e03435/out/vs/platform/terminal/node/ptyHostMain.js:28:6871)
    at E.updateIcon (/home/ec2-user/.vscode-server/bin/b3e4e68a0bc097f0ae7907b217c1119af9e03435/out/vs/platform/terminal/node/ptyHostMain.js:28:2702)
    at Object.call (/home/ec2-user/.vscode-server/bin/b3e4e68a0bc097f0ae7907b217c1119af9e03435/out/vs/platform/terminal/node/ptyHostMain.js:17:5093)
    at h.s (/home/ec2-user/.vscode-server/bin/b3e4e68a0bc097f0ae7907b217c1119af9e03435/out/vs/platform/terminal/node/ptyHostMain.js:15:5445)
    at h.q (/home/ec2-user/.vscode-server/bin/b3e4e68a0bc097f0ae7907b217c1119af9e03435/out/vs/platform/terminal/node/ptyHostMain.js:15:4936)
    at /home/ec2-user/.vscode-server/bin/b3e4e68a0bc097f0ae7907b217c1119af9e03435/out/vs/platform/terminal/node/ptyHostMain.js:15:4341
    at c.invoke (/home/ec2-user/.vscode-server/bin/b3e4e68a0bc097f0ae7907b217c1119af9e03435/out/vs/platform/terminal/node/ptyHostMain.js:11:145)
    at g.deliver (/home/ec2-user/.vscode-server/bin/b3e4e68a0bc097f0ae7907b217c1119af9e03435/out/vs/platform/terminal/node/ptyHostMain.js:11:2125)
    at t.fire (/home/ec2-user/.vscode-server/bin/b3e4e68a0bc097f0ae7907b217c1119af9e03435/out/vs/platform/terminal/node/ptyHostMain.js:11:1733)
    at process.U (/home/ec2-user/.vscode-server/bin/b3e4e68a0bc097f0ae7907b217c1119af9e03435/out/vs/platform/terminal/node/ptyHostMain.js:9:21145)
    at process.emit (node:events:513:28)
    at emit (node:internal/child_process:939:14)
    at processTicksAndRejections (node:internal/process/task_queues:84:21)
rejected promise not handled within 1 second: CodeExpectedError: Could not find pty on pty host
stack trace: CodeExpectedError: Could not find pty on pty host
    at E.L (/home/ec2-user/.vscode-server/bin/b3e4e68a0bc097f0ae7907b217c1119af9e03435/out/vs/platform/terminal/node/ptyHostMain.js:28:6871)
    at E.updateTitle (/home/ec2-user/.vscode-server/bin/b3e4e68a0bc097f0ae7907b217c1119af9e03435/out/vs/platform/terminal/node/ptyHostMain.js:28:2652)
    at Object.call (/home/ec2-user/.vscode-server/bin/b3e4e68a0bc097f0ae7907b217c1119af9e03435/out/vs/platform/terminal/node/ptyHostMain.js:17:5093)
    at h.s (/home/ec2-user/.vscode-server/bin/b3e4e68a0bc097f0ae7907b217c1119af9e03435/out/vs/platform/terminal/node/ptyHostMain.js:15:5445)
    at h.q (/home/ec2-user/.vscode-server/bin/b3e4e68a0bc097f0ae7907b217c1119af9e03435/out/vs/platform/terminal/node/ptyHostMain.js:15:4936)
    at /home/ec2-user/.vscode-server/bin/b3e4e68a0bc097f0ae7907b217c1119af9e03435/out/vs/platform/terminal/node/ptyHostMain.js:15:4341
    at c.invoke (/home/ec2-user/.vscode-server/bin/b3e4e68a0bc097f0ae7907b217c1119af9e03435/out/vs/platform/terminal/node/ptyHostMain.js:11:145)
    at g.deliver (/home/ec2-user/.vscode-server/bin/b3e4e68a0bc097f0ae7907b217c1119af9e03435/out/vs/platform/terminal/node/ptyHostMain.js:11:2125)
    at t.fire (/home/ec2-user/.vscode-server/bin/b3e4e68a0bc097f0ae7907b217c1119af9e03435/out/vs/platform/terminal/node/ptyHostMain.js:11:1733)
    at process.U (/home/ec2-user/.vscode-server/bin/b3e4e68a0bc097f0ae7907b217c1119af9e03435/out/vs/platform/terminal/node/ptyHostMain.js:9:21145)
    at process.emit (node:events:513:28)
    at emit (node:internal/child_process:939:14)
    at processTicksAndRejections (node:internal/process/task_queues:84:21)
[20:20:49] Error [CodeExpectedError]: Could not find pty on pty host
    at E.L (/home/ec2-user/.vscode-server/bin/b3e4e68a0bc097f0ae7907b217c1119af9e03435/out/vs/platform/terminal/node/ptyHostMain.js:28:6871)
    at E.updateTitle (/home/ec2-user/.vscode-server/bin/b3e4e68a0bc097f0ae7907b217c1119af9e03435/out/vs/platform/terminal/node/ptyHostMain.js:28:2652)
    at Object.call (/home/ec2-user/.vscode-server/bin/b3e4e68a0bc097f0ae7907b217c1119af9e03435/out/vs/platform/terminal/node/ptyHostMain.js:17:5093)
    at h.s (/home/ec2-user/.vscode-server/bin/b3e4e68a0bc097f0ae7907b217c1119af9e03435/out/vs/platform/terminal/node/ptyHostMain.js:15:5445)
    at h.q (/home/ec2-user/.vscode-server/bin/b3e4e68a0bc097f0ae7907b217c1119af9e03435/out/vs/platform/terminal/node/ptyHostMain.js:15:4936)
    at /home/ec2-user/.vscode-server/bin/b3e4e68a0bc097f0ae7907b217c1119af9e03435/out/vs/platform/terminal/node/ptyHostMain.js:15:4341
    at c.invoke (/home/ec2-user/.vscode-server/bin/b3e4e68a0bc097f0ae7907b217c1119af9e03435/out/vs/platform/terminal/node/ptyHostMain.js:11:145)
    at g.deliver (/home/ec2-user/.vscode-server/bin/b3e4e68a0bc097f0ae7907b217c1119af9e03435/out/vs/platform/terminal/node/ptyHostMain.js:11:2125)
    at t.fire (/home/ec2-user/.vscode-server/bin/b3e4e68a0bc097f0ae7907b217c1119af9e03435/out/vs/platform/terminal/node/ptyHostMain.js:11:1733)
    at process.U (/home/ec2-user/.vscode-server/bin/b3e4e68a0bc097f0ae7907b217c1119af9e03435/out/vs/platform/terminal/node/ptyHostMain.js:9:21145)
    at process.emit (node:events:513:28)
    at emit (node:internal/child_process:939:14)
    at processTicksAndRejections (node:internal/process/task_queues:84:21)
rejected promise not handled within 1 second: CodeExpectedError: Could not find pty on pty host
stack trace: CodeExpectedError: Could not find pty on pty host
    at E.L (/home/ec2-user/.vscode-server/bin/b3e4e68a0bc097f0ae7907b217c1119af9e03435/out/vs/platform/terminal/node/ptyHostMain.js:28:6871)
    at E.updateTitle (/home/ec2-user/.vscode-server/bin/b3e4e68a0bc097f0ae7907b217c1119af9e03435/out/vs/platform/terminal/node/ptyHostMain.js:28:2652)
    at Object.call (/home/ec2-user/.vscode-server/bin/b3e4e68a0bc097f0ae7907b217c1119af9e03435/out/vs/platform/terminal/node/ptyHostMain.js:17:5093)
    at h.s (/home/ec2-user/.vscode-server/bin/b3e4e68a0bc097f0ae7907b217c1119af9e03435/out/vs/platform/terminal/node/ptyHostMain.js:15:5445)
    at h.q (/home/ec2-user/.vscode-server/bin/b3e4e68a0bc097f0ae7907b217c1119af9e03435/out/vs/platform/terminal/node/ptyHostMain.js:15:4936)
    at /home/ec2-user/.vscode-server/bin/b3e4e68a0bc097f0ae7907b217c1119af9e03435/out/vs/platform/terminal/node/ptyHostMain.js:15:4341
    at c.invoke (/home/ec2-user/.vscode-server/bin/b3e4e68a0bc097f0ae7907b217c1119af9e03435/out/vs/platform/terminal/node/ptyHostMain.js:11:145)
    at g.deliver (/home/ec2-user/.vscode-server/bin/b3e4e68a0bc097f0ae7907b217c1119af9e03435/out/vs/platform/terminal/node/ptyHostMain.js:11:2125)
    at t.fire (/home/ec2-user/.vscode-server/bin/b3e4e68a0bc097f0ae7907b217c1119af9e03435/out/vs/platform/terminal/node/ptyHostMain.js:11:1733)
    at process.U (/home/ec2-user/.vscode-server/bin/b3e4e68a0bc097f0ae7907b217c1119af9e03435/out/vs/platform/terminal/node/ptyHostMain.js:9:21145)
    at process.emit (node:events:513:28)
    at emit (node:internal/child_process:939:14)
    at processTicksAndRejections (node:internal/process/task_queues:84:21)
[20:20:49] Error [CodeExpectedError]: Could not find pty on pty host
    at E.L (/home/ec2-user/.vscode-server/bin/b3e4e68a0bc097f0ae7907b217c1119af9e03435/out/vs/platform/terminal/node/ptyHostMain.js:28:6871)
    at E.updateTitle (/home/ec2-user/.vscode-server/bin/b3e4e68a0bc097f0ae7907b217c1119af9e03435/out/vs/platform/terminal/node/ptyHostMain.js:28:2652)
    at Object.call (/home/ec2-user/.vscode-server/bin/b3e4e68a0bc097f0ae7907b217c1119af9e03435/out/vs/platform/terminal/node/ptyHostMain.js:17:5093)
    at h.s (/home/ec2-user/.vscode-server/bin/b3e4e68a0bc097f0ae7907b217c1119af9e03435/out/vs/platform/terminal/node/ptyHostMain.js:15:5445)
    at h.q (/home/ec2-user/.vscode-server/bin/b3e4e68a0bc097f0ae7907b217c1119af9e03435/out/vs/platform/terminal/node/ptyHostMain.js:15:4936)
    at /home/ec2-user/.vscode-server/bin/b3e4e68a0bc097f0ae7907b217c1119af9e03435/out/vs/platform/terminal/node/ptyHostMain.js:15:4341
    at c.invoke (/home/ec2-user/.vscode-server/bin/b3e4e68a0bc097f0ae7907b217c1119af9e03435/out/vs/platform/terminal/node/ptyHostMain.js:11:145)
    at g.deliver (/home/ec2-user/.vscode-server/bin/b3e4e68a0bc097f0ae7907b217c1119af9e03435/out/vs/platform/terminal/node/ptyHostMain.js:11:2125)
    at t.fire (/home/ec2-user/.vscode-server/bin/b3e4e68a0bc097f0ae7907b217c1119af9e03435/out/vs/platform/terminal/node/ptyHostMain.js:11:1733)
    at process.U (/home/ec2-user/.vscode-server/bin/b3e4e68a0bc097f0ae7907b217c1119af9e03435/out/vs/platform/terminal/node/ptyHostMain.js:9:21145)
    at process.emit (node:events:513:28)
    at emit (node:internal/child_process:939:14)
    at processTicksAndRejections (node:internal/process/task_queues:84:21)
rejected promise not handled within 1 second: CodeExpectedError: Could not find pty on pty host
stack trace: CodeExpectedError: Could not find pty on pty host
    at E.L (/home/ec2-user/.vscode-server/bin/b3e4e68a0bc097f0ae7907b217c1119af9e03435/out/vs/platform/terminal/node/ptyHostMain.js:28:6871)
    at E.updateTitle (/home/ec2-user/.vscode-server/bin/b3e4e68a0bc097f0ae7907b217c1119af9e03435/out/vs/platform/terminal/node/ptyHostMain.js:28:2652)
    at Object.call (/home/ec2-user/.vscode-server/bin/b3e4e68a0bc097f0ae7907b217c1119af9e03435/out/vs/platform/terminal/node/ptyHostMain.js:17:5093)
    at h.s (/home/ec2-user/.vscode-server/bin/b3e4e68a0bc097f0ae7907b217c1119af9e03435/out/vs/platform/terminal/node/ptyHostMain.js:15:5445)
    at h.q (/home/ec2-user/.vscode-server/bin/b3e4e68a0bc097f0ae7907b217c1119af9e03435/out/vs/platform/terminal/node/ptyHostMain.js:15:4936)
    at /home/ec2-user/.vscode-server/bin/b3e4e68a0bc097f0ae7907b217c1119af9e03435/out/vs/platform/terminal/node/ptyHostMain.js:15:4341
    at c.invoke (/home/ec2-user/.vscode-server/bin/b3e4e68a0bc097f0ae7907b217c1119af9e03435/out/vs/platform/terminal/node/ptyHostMain.js:11:145)
    at g.deliver (/home/ec2-user/.vscode-server/bin/b3e4e68a0bc097f0ae7907b217c1119af9e03435/out/vs/platform/terminal/node/ptyHostMain.js:11:2125)
    at t.fire (/home/ec2-user/.vscode-server/bin/b3e4e68a0bc097f0ae7907b217c1119af9e03435/out/vs/platform/terminal/node/ptyHostMain.js:11:1733)
    at process.U (/home/ec2-user/.vscode-server/bin/b3e4e68a0bc097f0ae7907b217c1119af9e03435/out/vs/platform/terminal/node/ptyHostMain.js:9:21145)
    at process.emit (node:events:513:28)
    at emit (node:internal/child_process:939:14)
    at processTicksAndRejections (node:internal/process/task_queues:84:21)
[20:20:49] Error [CodeExpectedError]: Could not find pty on pty host
    at E.L (/home/ec2-user/.vscode-server/bin/b3e4e68a0bc097f0ae7907b217c1119af9e03435/out/vs/platform/terminal/node/ptyHostMain.js:28:6871)
    at E.updateTitle (/home/ec2-user/.vscode-server/bin/b3e4e68a0bc097f0ae7907b217c1119af9e03435/out/vs/platform/terminal/node/ptyHostMain.js:28:2652)
    at Object.call (/home/ec2-user/.vscode-server/bin/b3e4e68a0bc097f0ae7907b217c1119af9e03435/out/vs/platform/terminal/node/ptyHostMain.js:17:5093)
    at h.s (/home/ec2-user/.vscode-server/bin/b3e4e68a0bc097f0ae7907b217c1119af9e03435/out/vs/platform/terminal/node/ptyHostMain.js:15:5445)
    at h.q (/home/ec2-user/.vscode-server/bin/b3e4e68a0bc097f0ae7907b217c1119af9e03435/out/vs/platform/terminal/node/ptyHostMain.js:15:4936)
    at /home/ec2-user/.vscode-server/bin/b3e4e68a0bc097f0ae7907b217c1119af9e03435/out/vs/platform/terminal/node/ptyHostMain.js:15:4341
    at c.invoke (/home/ec2-user/.vscode-server/bin/b3e4e68a0bc097f0ae7907b217c1119af9e03435/out/vs/platform/terminal/node/ptyHostMain.js:11:145)
    at g.deliver (/home/ec2-user/.vscode-server/bin/b3e4e68a0bc097f0ae7907b217c1119af9e03435/out/vs/platform/terminal/node/ptyHostMain.js:11:2125)
    at t.fire (/home/ec2-user/.vscode-server/bin/b3e4e68a0bc097f0ae7907b217c1119af9e03435/out/vs/platform/terminal/node/ptyHostMain.js:11:1733)
    at process.U (/home/ec2-user/.vscode-server/bin/b3e4e68a0bc097f0ae7907b217c1119af9e03435/out/vs/platform/terminal/node/ptyHostMain.js:9:21145)
    at process.emit (node:events:513:28)
    at emit (node:internal/child_process:939:14)
    at processTicksAndRejections (node:internal/process/task_queues:84:21)
rejected promise not handled within 1 second: CodeExpectedError: Could not find pty on pty host
stack trace: CodeExpectedError: Could not find pty on pty host
    at E.L (/home/ec2-user/.vscode-server/bin/b3e4e68a0bc097f0ae7907b217c1119af9e03435/out/vs/platform/terminal/node/ptyHostMain.js:28:6871)
    at E.updateIcon (/home/ec2-user/.vscode-server/bin/b3e4e68a0bc097f0ae7907b217c1119af9e03435/out/vs/platform/terminal/node/ptyHostMain.js:28:2702)
    at Object.call (/home/ec2-user/.vscode-server/bin/b3e4e68a0bc097f0ae7907b217c1119af9e03435/out/vs/platform/terminal/node/ptyHostMain.js:17:5093)
    at h.s (/home/ec2-user/.vscode-server/bin/b3e4e68a0bc097f0ae7907b217c1119af9e03435/out/vs/platform/terminal/node/ptyHostMain.js:15:5445)
    at h.q (/home/ec2-user/.vscode-server/bin/b3e4e68a0bc097f0ae7907b217c1119af9e03435/out/vs/platform/terminal/node/ptyHostMain.js:15:4936)
    at /home/ec2-user/.vscode-server/bin/b3e4e68a0bc097f0ae7907b217c1119af9e03435/out/vs/platform/terminal/node/ptyHostMain.js:15:4341
    at c.invoke (/home/ec2-user/.vscode-server/bin/b3e4e68a0bc097f0ae7907b217c1119af9e03435/out/vs/platform/terminal/node/ptyHostMain.js:11:145)
    at g.deliver (/home/ec2-user/.vscode-server/bin/b3e4e68a0bc097f0ae7907b217c1119af9e03435/out/vs/platform/terminal/node/ptyHostMain.js:11:2125)
    at t.fire (/home/ec2-user/.vscode-server/bin/b3e4e68a0bc097f0ae7907b217c1119af9e03435/out/vs/platform/terminal/node/ptyHostMain.js:11:1733)
    at process.U (/home/ec2-user/.vscode-server/bin/b3e4e68a0bc097f0ae7907b217c1119af9e03435/out/vs/platform/terminal/node/ptyHostMain.js:9:21145)
    at process.emit (node:events:513:28)
    at emit (node:internal/child_process:939:14)
    at processTicksAndRejections (node:internal/process/task_queues:84:21)
[20:20:49] Error [CodeExpectedError]: Could not find pty on pty host
    at E.L (/home/ec2-user/.vscode-server/bin/b3e4e68a0bc097f0ae7907b217c1119af9e03435/out/vs/platform/terminal/node/ptyHostMain.js:28:6871)
    at E.updateIcon (/home/ec2-user/.vscode-server/bin/b3e4e68a0bc097f0ae7907b217c1119af9e03435/out/vs/platform/terminal/node/ptyHostMain.js:28:2702)
    at Object.call (/home/ec2-user/.vscode-server/bin/b3e4e68a0bc097f0ae7907b217c1119af9e03435/out/vs/platform/terminal/node/ptyHostMain.js:17:5093)
    at h.s (/home/ec2-user/.vscode-server/bin/b3e4e68a0bc097f0ae7907b217c1119af9e03435/out/vs/platform/terminal/node/ptyHostMain.js:15:5445)
    at h.q (/home/ec2-user/.vscode-server/bin/b3e4e68a0bc097f0ae7907b217c1119af9e03435/out/vs/platform/terminal/node/ptyHostMain.js:15:4936)
    at /home/ec2-user/.vscode-server/bin/b3e4e68a0bc097f0ae7907b217c1119af9e03435/out/vs/platform/terminal/node/ptyHostMain.js:15:4341
    at c.invoke (/home/ec2-user/.vscode-server/bin/b3e4e68a0bc097f0ae7907b217c1119af9e03435/out/vs/platform/terminal/node/ptyHostMain.js:11:145)
    at g.deliver (/home/ec2-user/.vscode-server/bin/b3e4e68a0bc097f0ae7907b217c1119af9e03435/out/vs/platform/terminal/node/ptyHostMain.js:11:2125)
    at t.fire (/home/ec2-user/.vscode-server/bin/b3e4e68a0bc097f0ae7907b217c1119af9e03435/out/vs/platform/terminal/node/ptyHostMain.js:11:1733)
    at process.U (/home/ec2-user/.vscode-server/bin/b3e4e68a0bc097f0ae7907b217c1119af9e03435/out/vs/platform/terminal/node/ptyHostMain.js:9:21145)
    at process.emit (node:events:513:28)
    at emit (node:internal/child_process:939:14)
    at processTicksAndRejections (node:internal/process/task_queues:84:21)
rejected promise not handled within 1 second: CodeExpectedError: Could not find pty on pty host
stack trace: CodeExpectedError: Could not find pty on pty host
    at E.L (/home/ec2-user/.vscode-server/bin/b3e4e68a0bc097f0ae7907b217c1119af9e03435/out/vs/platform/terminal/node/ptyHostMain.js:28:6871)
    at E.updateTitle (/home/ec2-user/.vscode-server/bin/b3e4e68a0bc097f0ae7907b217c1119af9e03435/out/vs/platform/terminal/node/ptyHostMain.js:28:2652)
    at Object.call (/home/ec2-user/.vscode-server/bin/b3e4e68a0bc097f0ae7907b217c1119af9e03435/out/vs/platform/terminal/node/ptyHostMain.js:17:5093)
    at h.s (/home/ec2-user/.vscode-server/bin/b3e4e68a0bc097f0ae7907b217c1119af9e03435/out/vs/platform/terminal/node/ptyHostMain.js:15:5445)
    at h.q (/home/ec2-user/.vscode-server/bin/b3e4e68a0bc097f0ae7907b217c1119af9e03435/out/vs/platform/terminal/node/ptyHostMain.js:15:4936)
    at /home/ec2-user/.vscode-server/bin/b3e4e68a0bc097f0ae7907b217c1119af9e03435/out/vs/platform/terminal/node/ptyHostMain.js:15:4341
    at c.invoke (/home/ec2-user/.vscode-server/bin/b3e4e68a0bc097f0ae7907b217c1119af9e03435/out/vs/platform/terminal/node/ptyHostMain.js:11:145)
    at g.deliver (/home/ec2-user/.vscode-server/bin/b3e4e68a0bc097f0ae7907b217c1119af9e03435/out/vs/platform/terminal/node/ptyHostMain.js:11:2125)
    at t.fire (/home/ec2-user/.vscode-server/bin/b3e4e68a0bc097f0ae7907b217c1119af9e03435/out/vs/platform/terminal/node/ptyHostMain.js:11:1733)
    at process.U (/home/ec2-user/.vscode-server/bin/b3e4e68a0bc097f0ae7907b217c1119af9e03435/out/vs/platform/terminal/node/ptyHostMain.js:9:21145)
    at process.emit (node:events:513:28)
    at emit (node:internal/child_process:939:14)
    at processTicksAndRejections (node:internal/process/task_queues:84:21)
[20:20:49] Error [CodeExpectedError]: Could not find pty on pty host
    at E.L (/home/ec2-user/.vscode-server/bin/b3e4e68a0bc097f0ae7907b217c1119af9e03435/out/vs/platform/terminal/node/ptyHostMain.js:28:6871)
    at E.updateTitle (/home/ec2-user/.vscode-server/bin/b3e4e68a0bc097f0ae7907b217c1119af9e03435/out/vs/platform/terminal/node/ptyHostMain.js:28:2652)
    at Object.call (/home/ec2-user/.vscode-server/bin/b3e4e68a0bc097f0ae7907b217c1119af9e03435/out/vs/platform/terminal/node/ptyHostMain.js:17:5093)
    at h.s (/home/ec2-user/.vscode-server/bin/b3e4e68a0bc097f0ae7907b217c1119af9e03435/out/vs/platform/terminal/node/ptyHostMain.js:15:5445)
    at h.q (/home/ec2-user/.vscode-server/bin/b3e4e68a0bc097f0ae7907b217c1119af9e03435/out/vs/platform/terminal/node/ptyHostMain.js:15:4936)
    at /home/ec2-user/.vscode-server/bin/b3e4e68a0bc097f0ae7907b217c1119af9e03435/out/vs/platform/terminal/node/ptyHostMain.js:15:4341
    at c.invoke (/home/ec2-user/.vscode-server/bin/b3e4e68a0bc097f0ae7907b217c1119af9e03435/out/vs/platform/terminal/node/ptyHostMain.js:11:145)
    at g.deliver (/home/ec2-user/.vscode-server/bin/b3e4e68a0bc097f0ae7907b217c1119af9e03435/out/vs/platform/terminal/node/ptyHostMain.js:11:2125)
    at t.fire (/home/ec2-user/.vscode-server/bin/b3e4e68a0bc097f0ae7907b217c1119af9e03435/out/vs/platform/terminal/node/ptyHostMain.js:11:1733)
    at process.U (/home/ec2-user/.vscode-server/bin/b3e4e68a0bc097f0ae7907b217c1119af9e03435/out/vs/platform/terminal/node/ptyHostMain.js:9:21145)
    at process.emit (node:events:513:28)
    at emit (node:internal/child_process:939:14)
    at processTicksAndRejections (node:internal/process/task_queues:84:21)
rejected promise not handled within 1 second: CodeExpectedError: Could not find pty on pty host
stack trace: CodeExpectedError: Could not find pty on pty host
    at E.L (/home/ec2-user/.vscode-server/bin/b3e4e68a0bc097f0ae7907b217c1119af9e03435/out/vs/platform/terminal/node/ptyHostMain.js:28:6871)
    at E.updateTitle (/home/ec2-user/.vscode-server/bin/b3e4e68a0bc097f0ae7907b217c1119af9e03435/out/vs/platform/terminal/node/ptyHostMain.js:28:2652)
    at Object.call (/home/ec2-user/.vscode-server/bin/b3e4e68a0bc097f0ae7907b217c1119af9e03435/out/vs/platform/terminal/node/ptyHostMain.js:17:5093)
    at h.s (/home/ec2-user/.vscode-server/bin/b3e4e68a0bc097f0ae7907b217c1119af9e03435/out/vs/platform/terminal/node/ptyHostMain.js:15:5445)
    at h.q (/home/ec2-user/.vscode-server/bin/b3e4e68a0bc097f0ae7907b217c1119af9e03435/out/vs/platform/terminal/node/ptyHostMain.js:15:4936)
    at /home/ec2-user/.vscode-server/bin/b3e4e68a0bc097f0ae7907b217c1119af9e03435/out/vs/platform/terminal/node/ptyHostMain.js:15:4341
    at c.invoke (/home/ec2-user/.vscode-server/bin/b3e4e68a0bc097f0ae7907b217c1119af9e03435/out/vs/platform/terminal/node/ptyHostMain.js:11:145)
    at g.deliver (/home/ec2-user/.vscode-server/bin/b3e4e68a0bc097f0ae7907b217c1119af9e03435/out/vs/platform/terminal/node/ptyHostMain.js:11:2125)
    at t.fire (/home/ec2-user/.vscode-server/bin/b3e4e68a0bc097f0ae7907b217c1119af9e03435/out/vs/platform/terminal/node/ptyHostMain.js:11:1733)
    at process.U (/home/ec2-user/.vscode-server/bin/b3e4e68a0bc097f0ae7907b217c1119af9e03435/out/vs/platform/terminal/node/ptyHostMain.js:9:21145)
    at process.emit (node:events:513:28)
    at emit (node:internal/child_process:939:14)
    at processTicksAndRejections (node:internal/process/task_queues:84:21)
[20:20:49] Error [CodeExpectedError]: Could not find pty on pty host
    at E.L (/home/ec2-user/.vscode-server/bin/b3e4e68a0bc097f0ae7907b217c1119af9e03435/out/vs/platform/terminal/node/ptyHostMain.js:28:6871)
    at E.updateTitle (/home/ec2-user/.vscode-server/bin/b3e4e68a0bc097f0ae7907b217c1119af9e03435/out/vs/platform/terminal/node/ptyHostMain.js:28:2652)
    at Object.call (/home/ec2-user/.vscode-server/bin/b3e4e68a0bc097f0ae7907b217c1119af9e03435/out/vs/platform/terminal/node/ptyHostMain.js:17:5093)
    at h.s (/home/ec2-user/.vscode-server/bin/b3e4e68a0bc097f0ae7907b217c1119af9e03435/out/vs/platform/terminal/node/ptyHostMain.js:15:5445)
    at h.q (/home/ec2-user/.vscode-server/bin/b3e4e68a0bc097f0ae7907b217c1119af9e03435/out/vs/platform/terminal/node/ptyHostMain.js:15:4936)
    at /home/ec2-user/.vscode-server/bin/b3e4e68a0bc097f0ae7907b217c1119af9e03435/out/vs/platform/terminal/node/ptyHostMain.js:15:4341
    at c.invoke (/home/ec2-user/.vscode-server/bin/b3e4e68a0bc097f0ae7907b217c1119af9e03435/out/vs/platform/terminal/node/ptyHostMain.js:11:145)
    at g.deliver (/home/ec2-user/.vscode-server/bin/b3e4e68a0bc097f0ae7907b217c1119af9e03435/out/vs/platform/terminal/node/ptyHostMain.js:11:2125)
    at t.fire (/home/ec2-user/.vscode-server/bin/b3e4e68a0bc097f0ae7907b217c1119af9e03435/out/vs/platform/terminal/node/ptyHostMain.js:11:1733)
    at process.U (/home/ec2-user/.vscode-server/bin/b3e4e68a0bc097f0ae7907b217c1119af9e03435/out/vs/platform/terminal/node/ptyHostMain.js:9:21145)
    at process.emit (node:events:513:28)
    at emit (node:internal/child_process:939:14)
    at processTicksAndRejections (node:internal/process/task_queues:84:21)
rejected promise not handled within 1 second: CodeExpectedError: Could not find pty on pty host
stack trace: CodeExpectedError: Could not find pty on pty host
    at E.L (/home/ec2-user/.vscode-server/bin/b3e4e68a0bc097f0ae7907b217c1119af9e03435/out/vs/platform/terminal/node/ptyHostMain.js:28:6871)
    at E.updateTitle (/home/ec2-user/.vscode-server/bin/b3e4e68a0bc097f0ae7907b217c1119af9e03435/out/vs/platform/terminal/node/ptyHostMain.js:28:2652)
    at Object.call (/home/ec2-user/.vscode-server/bin/b3e4e68a0bc097f0ae7907b217c1119af9e03435/out/vs/platform/terminal/node/ptyHostMain.js:17:5093)
    at h.s (/home/ec2-user/.vscode-server/bin/b3e4e68a0bc097f0ae7907b217c1119af9e03435/out/vs/platform/terminal/node/ptyHostMain.js:15:5445)
    at h.q (/home/ec2-user/.vscode-server/bin/b3e4e68a0bc097f0ae7907b217c1119af9e03435/out/vs/platform/terminal/node/ptyHostMain.js:15:4936)
    at /home/ec2-user/.vscode-server/bin/b3e4e68a0bc097f0ae7907b217c1119af9e03435/out/vs/platform/terminal/node/ptyHostMain.js:15:4341
    at c.invoke (/home/ec2-user/.vscode-server/bin/b3e4e68a0bc097f0ae7907b217c1119af9e03435/out/vs/platform/terminal/node/ptyHostMain.js:11:145)
    at g.deliver (/home/ec2-user/.vscode-server/bin/b3e4e68a0bc097f0ae7907b217c1119af9e03435/out/vs/platform/terminal/node/ptyHostMain.js:11:2125)
    at t.fire (/home/ec2-user/.vscode-server/bin/b3e4e68a0bc097f0ae7907b217c1119af9e03435/out/vs/platform/terminal/node/ptyHostMain.js:11:1733)
    at process.U (/home/ec2-user/.vscode-server/bin/b3e4e68a0bc097f0ae7907b217c1119af9e03435/out/vs/platform/terminal/node/ptyHostMain.js:9:21145)
    at process.emit (node:events:513:28)
    at emit (node:internal/child_process:939:14)
    at processTicksAndRejections (node:internal/process/task_queues:84:21)
[20:20:51] Error [CodeExpectedError]: Could not find pty on pty host
    at E.L (/home/ec2-user/.vscode-server/bin/b3e4e68a0bc097f0ae7907b217c1119af9e03435/out/vs/platform/terminal/node/ptyHostMain.js:28:6871)
    at E.updateTitle (/home/ec2-user/.vscode-server/bin/b3e4e68a0bc097f0ae7907b217c1119af9e03435/out/vs/platform/terminal/node/ptyHostMain.js:28:2652)
    at Object.call (/home/ec2-user/.vscode-server/bin/b3e4e68a0bc097f0ae7907b217c1119af9e03435/out/vs/platform/terminal/node/ptyHostMain.js:17:5093)
    at h.s (/home/ec2-user/.vscode-server/bin/b3e4e68a0bc097f0ae7907b217c1119af9e03435/out/vs/platform/terminal/node/ptyHostMain.js:15:5445)
    at h.q (/home/ec2-user/.vscode-server/bin/b3e4e68a0bc097f0ae7907b217c1119af9e03435/out/vs/platform/terminal/node/ptyHostMain.js:15:4936)
    at /home/ec2-user/.vscode-server/bin/b3e4e68a0bc097f0ae7907b217c1119af9e03435/out/vs/platform/terminal/node/ptyHostMain.js:15:4341
    at c.invoke (/home/ec2-user/.vscode-server/bin/b3e4e68a0bc097f0ae7907b217c1119af9e03435/out/vs/platform/terminal/node/ptyHostMain.js:11:145)
    at g.deliver (/home/ec2-user/.vscode-server/bin/b3e4e68a0bc097f0ae7907b217c1119af9e03435/out/vs/platform/terminal/node/ptyHostMain.js:11:2125)
    at t.fire (/home/ec2-user/.vscode-server/bin/b3e4e68a0bc097f0ae7907b217c1119af9e03435/out/vs/platform/terminal/node/ptyHostMain.js:11:1733)
    at process.U (/home/ec2-user/.vscode-server/bin/b3e4e68a0bc097f0ae7907b217c1119af9e03435/out/vs/platform/terminal/node/ptyHostMain.js:9:21145)
    at process.emit (node:events:513:28)
    at emit (node:internal/child_process:939:14)
    at processTicksAndRejections (node:internal/process/task_queues:84:21)
